<?xml version="1.0" encoding="UTF-8"?>
<!-- Generated by org.testng.reporters.JUnitReportReporter -->
<testsuite hostname="DESKTOP-0KIQ346" failures="0" tests="1" name="com.maven.practice.PracticeMaven2" time="0.045" errors="0" timestamp="18 Jul 2022 17:15:00 GMT">
  <testcase classname="com.maven.practice.PracticeMaven2" name="PMIndia" time="0.045"/>
</testsuite> <!-- com.maven.practice.PracticeMaven2 -->
