<?xml version="1.0" encoding="UTF-8"?>
<!-- Generated by org.testng.reporters.JUnitReportReporter -->
<testsuite hostname="DESKTOP-0KIQ346" failures="0" tests="2" name="com.maven.practice.PracticeTest" time="0.008" errors="0" timestamp="18 Jul 2022 17:15:00 GMT">
  <testcase classname="com.maven.practice.PracticeTest" name="practiceTest" time="0.006"/>
  <testcase classname="com.maven.practice.PracticeTest" name="practiceTest2" time="0.002"/>
</testsuite> <!-- com.maven.practice.PracticeTest -->
